{"name":"Verify Search Based on Username Criteria which is populated through JSON Test data file","status":"skipped","statusDetails":{"known":false,"muted":false,"flaky":false,"message":"java.lang.ArrayIndexOutOfBoundsException: 1","trace":"java.lang.RuntimeException: java.lang.ArrayIndexOutOfBoundsException: 1\r\n\tat org.testng.internal.MethodInvocationHelper.invokeMethodNoCheckedException(MethodInvocationHelper.java:45)\r\n\tat org.testng.internal.MethodInvocationHelper.invokeDataProvider(MethodInvocationHelper.java:110)\r\n\tat org.testng.internal.Parameters.handleParameters(Parameters.java:429)\r\n\tat org.testng.internal.Invoker.handleParameters(Invoker.java:1240)\r\n\tat org.testng.internal.Invoker.createParameters(Invoker.java:980)\r\n\tat org.testng.internal.Invoker.invokeTestMethods(Invoker.java:1070)\r\n\tat org.testng.internal.TestMethodWorker.invokeTestMethods(TestMethodWorker.java:129)\r\n\tat org.testng.internal.TestMethodWorker.run(TestMethodWorker.java:112)\r\n\tat org.testng.TestRunner.privateRun(TestRunner.java:746)\r\n\tat org.testng.TestRunner.run(TestRunner.java:600)\r\n\tat org.testng.SuiteRunner.runTest(SuiteRunner.java:366)\r\n\tat org.testng.SuiteRunner.runSequentially(SuiteRunner.java:361)\r\n\tat org.testng.SuiteRunner.privateRun(SuiteRunner.java:319)\r\n\tat org.testng.SuiteRunner.run(SuiteRunner.java:268)\r\n\tat org.testng.SuiteRunnerWorker.runSuite(SuiteRunnerWorker.java:52)\r\n\tat org.testng.SuiteRunnerWorker.run(SuiteRunnerWorker.java:86)\r\n\tat org.testng.TestNG.runSuitesSequentially(TestNG.java:1264)\r\n\tat org.testng.TestNG.runSuitesLocally(TestNG.java:1189)\r\n\tat org.testng.TestNG.runSuites(TestNG.java:1104)\r\n\tat org.testng.TestNG.run(TestNG.java:1076)\r\n\tat org.testng.remote.AbstractRemoteTestNG.run(AbstractRemoteTestNG.java:126)\r\n\tat org.testng.remote.RemoteTestNG.initAndRun(RemoteTestNG.java:152)\r\n\tat org.testng.remote.RemoteTestNG.main(RemoteTestNG.java:57)\r\nCaused by: java.lang.ArrayIndexOutOfBoundsException: 1\r\n\tat seleniumeasy.qa.Util.commonUtil.readJasonData(commonUtil.java:195)\r\n\tat sun.reflect.NativeMethodAccessorImpl.invoke0(Native Method)\r\n\tat sun.reflect.NativeMethodAccessorImpl.invoke(NativeMethodAccessorImpl.java:62)\r\n\tat sun.reflect.DelegatingMethodAccessorImpl.invoke(DelegatingMethodAccessorImpl.java:43)\r\n\tat java.lang.reflect.Method.invoke(Method.java:498)\r\n\tat org.testng.internal.MethodInvocationHelper.invokeMethod(MethodInvocationHelper.java:100)\r\n\tat org.testng.internal.MethodInvocationHelper.invokeMethod(MethodInvocationHelper.java:51)\r\n\tat org.testng.internal.MethodInvocationHelper.invokeMethodNoCheckedException(MethodInvocationHelper.java:41)\r\n\t... 22 more\r\n"},"stage":"finished","description":"Test Description: JSON Data Driven Test Based On Username","steps":[],"attachments":[],"parameters":[],"start":1614354604599,"stop":1614354604602,"uuid":"34d321cc-9711-4f98-be1c-667aa655ecd4","historyId":"86800a2c518488daa908d1cd65583758","fullName":"seleniumeasy.test.Tests.tblDataSearchTest.verifySearchElementBasedOnUsername","labels":[{"name":"package","value":"seleniumeasy.test.Tests.tblDataSearchTest"},{"name":"testClass","value":"seleniumeasy.test.Tests.tblDataSearchTest"},{"name":"testMethod","value":"verifySearchElementBasedOnUsername"},{"name":"parentSuite","value":"Default suite"},{"name":"suite","value":"Default test"},{"name":"subSuite","value":"seleniumeasy.test.Tests.tblDataSearchTest"},{"name":"host","value":"Godfather"},{"name":"thread","value":"9732@Godfather.main(1)"},{"name":"framework","value":"testng"},{"name":"language","value":"java"},{"name":"severity","value":"critical"}],"links":[]}