<?xml version="1.0" encoding="UTF-8"?>
<!-- Generated by org.testng.reporters.JUnitXMLReporter -->
<testsuite hostname="Godfather" name="Regression" tests="5" failures="0" timestamp="21 Feb 2021 15:58:02 GMT" time="89.352" errors="0">
  <testcase name="@AfterTest assertAll" time="0.0" classname="seleniumeasy.test.Tests.tblDataSearchTest">
    <failure type="java.lang.AssertionError" message="The following asserts failed:
	expected [] but found [1]">
      <![CDATA[java.lang.AssertionError: The following asserts failed:
	expected [] but found [1]
	at seleniumeasy.test.Tests.tblDataSearchTest.assertAll(tblDataSearchTest.java:128)
... Removed 24 stack frames]]>
    </failure>
  </testcase> <!-- @AfterTest assertAll -->
  <testcase name="verifyTablePaginationMenu" time="0.618" classname="seleniumeasy.test.Tests.HomePageTest"/>
  <testcase name="verifyTableHeader" time="0.193" classname="seleniumeasy.test.Tests.TablePaginationTest"/>
  <testcase name="verifyTableContents" time="2.631" classname="seleniumeasy.test.Tests.TablePaginationTest"/>
  <testcase name="verifySearchElementBasedOnAssignee" time="0.204" classname="seleniumeasy.test.Tests.tblDataSearchTest"/>
  <testcase name="testBrokenLinks" time="34.067" classname="seleniumeasy.test.Tests.BrokenLinkTest"/>
</testsuite> <!-- Regression -->
