<?xml version="1.0" encoding="UTF-8"?>
<!-- Generated by org.testng.reporters.JUnitXMLReporter -->
<testsuite hostname="Godfather" name="Regression" tests="5" failures="3" timestamp="11 Jan 2021 17:38:20 GMT" time="5.283" errors="0">
  <testcase name="@AfterClass closeConnection" time="0.0" classname="seleniumeasy.test.Tests.TablePaginationTest">
    <failure type="org.openqa.selenium.NoSuchSessionException" message="Session ID is null. Using WebDriver after calling quit()?
Build info: version: &amp;apos;3.141.5&amp;apos;, revision: &amp;apos;d54ebd709a&amp;apos;, time: &amp;apos;2018-11-06T11:42:16&amp;apos;
System info: host: &amp;apos;GODFATHER&amp;apos;, ip: &amp;apos;192.168.86.46&amp;apos;, os.name: &amp;apos;Windows 10&amp;apos;, os.arch: &amp;apos;amd64&amp;apos;, os.version: &amp;apos;10.0&amp;apos;, java.version: &amp;apos;1.8.0_171&amp;apos;
Driver info: driver.version: RemoteWebDriver">
      <![CDATA[org.openqa.selenium.NoSuchSessionException: Session ID is null. Using WebDriver after calling quit()?
Build info: version: '3.141.5', revision: 'd54ebd709a', time: '2018-11-06T11:42:16'
System info: host: 'GODFATHER', ip: '192.168.86.46', os.name: 'Windows 10', os.arch: 'amd64', os.version: '10.0', java.version: '1.8.0_171'
Driver info: driver.version: RemoteWebDriver
	at org.openqa.selenium.remote.HttpCommandExecutor.execute(HttpCommandExecutor.java:125)
	at org.openqa.selenium.remote.service.DriverCommandExecutor.execute(DriverCommandExecutor.java:83)
	at org.openqa.selenium.remote.RemoteWebDriver.execute(RemoteWebDriver.java:552)
	at org.openqa.selenium.remote.RemoteWebDriver.execute(RemoteWebDriver.java:609)
	at org.openqa.selenium.remote.RemoteWebDriver.close(RemoteWebDriver.java:442)
	at seleniumeasy.qa.Base.Base.postCleanUp(Base.java:88)
	at seleniumeasy.test.Tests.TablePaginationTest.closeConnection(TablePaginationTest.java:46)
... Removed 25 stack frames]]>
    </failure>
  </testcase> <!-- @AfterClass closeConnection -->
  <testcase name="@AfterClass closeConnection" time="0.0" classname="seleniumeasy.test.Tests.tblDataSearchTest">
    <failure type="org.openqa.selenium.NoSuchSessionException" message="Session ID is null. Using WebDriver after calling quit()?
Build info: version: &amp;apos;3.141.5&amp;apos;, revision: &amp;apos;d54ebd709a&amp;apos;, time: &amp;apos;2018-11-06T11:42:16&amp;apos;
System info: host: &amp;apos;GODFATHER&amp;apos;, ip: &amp;apos;192.168.86.46&amp;apos;, os.name: &amp;apos;Windows 10&amp;apos;, os.arch: &amp;apos;amd64&amp;apos;, os.version: &amp;apos;10.0&amp;apos;, java.version: &amp;apos;1.8.0_171&amp;apos;
Driver info: driver.version: RemoteWebDriver">
      <![CDATA[org.openqa.selenium.NoSuchSessionException: Session ID is null. Using WebDriver after calling quit()?
Build info: version: '3.141.5', revision: 'd54ebd709a', time: '2018-11-06T11:42:16'
System info: host: 'GODFATHER', ip: '192.168.86.46', os.name: 'Windows 10', os.arch: 'amd64', os.version: '10.0', java.version: '1.8.0_171'
Driver info: driver.version: RemoteWebDriver
	at org.openqa.selenium.remote.HttpCommandExecutor.execute(HttpCommandExecutor.java:125)
	at org.openqa.selenium.remote.service.DriverCommandExecutor.execute(DriverCommandExecutor.java:83)
	at org.openqa.selenium.remote.RemoteWebDriver.execute(RemoteWebDriver.java:552)
	at org.openqa.selenium.remote.RemoteWebDriver.execute(RemoteWebDriver.java:609)
	at org.openqa.selenium.remote.RemoteWebDriver.close(RemoteWebDriver.java:442)
	at seleniumeasy.qa.Base.Base.postCleanUp(Base.java:88)
	at seleniumeasy.test.Tests.tblDataSearchTest.closeConnection(tblDataSearchTest.java:56)
... Removed 25 stack frames]]>
    </failure>
  </testcase> <!-- @AfterClass closeConnection -->
  <testcase name="@AfterTest sAssertAll" time="0.0" classname="seleniumeasy.test.Tests.HomePageTest">
    <failure type="java.lang.AssertionError" message="The following asserts failed:
	expected [Type in your search to filter data by Tasks / Assignee / Status] but found [Table with Pagination Example]">
      <![CDATA[java.lang.AssertionError: The following asserts failed:
	expected [Type in your search to filter data by Tasks / Assignee / Status] but found [Table with Pagination Example]
	at seleniumeasy.test.Tests.HomePageTest.sAssertAll(HomePageTest.java:41)
... Removed 24 stack frames]]>
    </failure>
  </testcase> <!-- @AfterTest sAssertAll -->
  <testcase name="@AfterTest assertAllTests" time="0.0" classname="seleniumeasy.test.Tests.HomePageTest">
    <skipped/>
  </testcase> <!-- @AfterTest assertAllTests -->
  <testcase name="verifyTablePaginationMenu" time="0.583" classname="seleniumeasy.test.Tests.HomePageTest"/>
  <testcase name="verifyTableHeader" time="0.156" classname="seleniumeasy.test.Tests.TablePaginationTest">
    <failure type="org.openqa.selenium.NoSuchSessionException" message="Session ID is null. Using WebDriver after calling quit()?
Build info: version: &amp;apos;3.141.5&amp;apos;, revision: &amp;apos;d54ebd709a&amp;apos;, time: &amp;apos;2018-11-06T11:42:16&amp;apos;
System info: host: &amp;apos;GODFATHER&amp;apos;, ip: &amp;apos;192.168.86.46&amp;apos;, os.name: &amp;apos;Windows 10&amp;apos;, os.arch: &amp;apos;amd64&amp;apos;, os.version: &amp;apos;10.0&amp;apos;, java.version: &amp;apos;1.8.0_171&amp;apos;
Driver info: driver.version: RemoteWebDriver">
      <![CDATA[org.openqa.selenium.NoSuchSessionException: Session ID is null. Using WebDriver after calling quit()?
Build info: version: '3.141.5', revision: 'd54ebd709a', time: '2018-11-06T11:42:16'
System info: host: 'GODFATHER', ip: '192.168.86.46', os.name: 'Windows 10', os.arch: 'amd64', os.version: '10.0', java.version: '1.8.0_171'
Driver info: driver.version: RemoteWebDriver
	at org.openqa.selenium.remote.HttpCommandExecutor.execute(HttpCommandExecutor.java:125)
	at org.openqa.selenium.remote.service.DriverCommandExecutor.execute(DriverCommandExecutor.java:83)
	at org.openqa.selenium.remote.RemoteWebDriver.execute(RemoteWebDriver.java:552)
	at org.openqa.selenium.remote.RemoteWebDriver.findElement(RemoteWebDriver.java:323)
	at org.openqa.selenium.remote.RemoteWebDriver.findElementByXPath(RemoteWebDriver.java:428)
	at org.openqa.selenium.By$ByXPath.findElement(By.java:353)
	at org.openqa.selenium.remote.RemoteWebDriver.findElement(RemoteWebDriver.java:315)
	at seleniumeasy.test.Tests.TablePaginationTest.verifyTableHeader(TablePaginationTest.java:30)
... Removed 25 stack frames]]>
    </failure>
  </testcase> <!-- verifyTableHeader -->
  <testcase name="verifyTableContents" time="2.938" classname="seleniumeasy.test.Tests.TablePaginationTest"/>
  <testcase name="verifySearchElementBasedOnUsername" time="0.517" classname="seleniumeasy.test.Tests.tblDataSearchTest">
    <failure type="org.openqa.selenium.NoSuchSessionException" message="Session ID is null. Using WebDriver after calling quit()?
Build info: version: &amp;apos;3.141.5&amp;apos;, revision: &amp;apos;d54ebd709a&amp;apos;, time: &amp;apos;2018-11-06T11:42:16&amp;apos;
System info: host: &amp;apos;GODFATHER&amp;apos;, ip: &amp;apos;192.168.86.46&amp;apos;, os.name: &amp;apos;Windows 10&amp;apos;, os.arch: &amp;apos;amd64&amp;apos;, os.version: &amp;apos;10.0&amp;apos;, java.version: &amp;apos;1.8.0_171&amp;apos;
Driver info: driver.version: RemoteWebDriver">
      <![CDATA[org.openqa.selenium.NoSuchSessionException: Session ID is null. Using WebDriver after calling quit()?
Build info: version: '3.141.5', revision: 'd54ebd709a', time: '2018-11-06T11:42:16'
System info: host: 'GODFATHER', ip: '192.168.86.46', os.name: 'Windows 10', os.arch: 'amd64', os.version: '10.0', java.version: '1.8.0_171'
Driver info: driver.version: RemoteWebDriver
	at org.openqa.selenium.remote.HttpCommandExecutor.execute(HttpCommandExecutor.java:125)
	at org.openqa.selenium.remote.service.DriverCommandExecutor.execute(DriverCommandExecutor.java:83)
	at org.openqa.selenium.remote.RemoteWebDriver.execute(RemoteWebDriver.java:552)
	at org.openqa.selenium.remote.RemoteWebDriver.findElement(RemoteWebDriver.java:323)
	at org.openqa.selenium.remote.RemoteWebDriver.findElementByXPath(RemoteWebDriver.java:428)
	at org.openqa.selenium.By$ByXPath.findElement(By.java:353)
	at org.openqa.selenium.remote.RemoteWebDriver.findElement(RemoteWebDriver.java:315)
	at org.openqa.selenium.support.pagefactory.DefaultElementLocator.findElement(DefaultElementLocator.java:69)
	at org.openqa.selenium.support.pagefactory.internal.LocatingElementHandler.invoke(LocatingElementHandler.java:38)
	at com.sun.proxy.$Proxy9.isEnabled(Unknown Source)
	at seleniumeasy.qa.Page.tblDataSearchPage.searchFilterName(tblDataSearchPage.java:57)
	at seleniumeasy.test.Tests.tblDataSearchTest.verifySearchElementBasedOnUsername(tblDataSearchTest.java:45)
... Removed 25 stack frames]]>
    </failure>
  </testcase> <!-- verifySearchElementBasedOnUsername -->
  <testcase name="verifySearchElementBasedOnAssignee" time="0.0" classname="seleniumeasy.test.Tests.tblDataSearchTest">
    <failure type="org.openqa.selenium.NoSuchSessionException" message="Session ID is null. Using WebDriver after calling quit()?
Build info: version: &amp;apos;3.141.5&amp;apos;, revision: &amp;apos;d54ebd709a&amp;apos;, time: &amp;apos;2018-11-06T11:42:16&amp;apos;
System info: host: &amp;apos;GODFATHER&amp;apos;, ip: &amp;apos;192.168.86.46&amp;apos;, os.name: &amp;apos;Windows 10&amp;apos;, os.arch: &amp;apos;amd64&amp;apos;, os.version: &amp;apos;10.0&amp;apos;, java.version: &amp;apos;1.8.0_171&amp;apos;
Driver info: driver.version: RemoteWebDriver">
      <![CDATA[org.openqa.selenium.NoSuchSessionException: Session ID is null. Using WebDriver after calling quit()?
Build info: version: '3.141.5', revision: 'd54ebd709a', time: '2018-11-06T11:42:16'
System info: host: 'GODFATHER', ip: '192.168.86.46', os.name: 'Windows 10', os.arch: 'amd64', os.version: '10.0', java.version: '1.8.0_171'
Driver info: driver.version: RemoteWebDriver
	at org.openqa.selenium.remote.HttpCommandExecutor.execute(HttpCommandExecutor.java:125)
	at org.openqa.selenium.remote.service.DriverCommandExecutor.execute(DriverCommandExecutor.java:83)
	at org.openqa.selenium.remote.RemoteWebDriver.execute(RemoteWebDriver.java:552)
	at org.openqa.selenium.remote.RemoteWebDriver.findElement(RemoteWebDriver.java:323)
	at org.openqa.selenium.remote.RemoteWebDriver.findElementByXPath(RemoteWebDriver.java:428)
	at org.openqa.selenium.By$ByXPath.findElement(By.java:353)
	at org.openqa.selenium.remote.RemoteWebDriver.findElement(RemoteWebDriver.java:315)
	at org.openqa.selenium.support.pagefactory.DefaultElementLocator.findElement(DefaultElementLocator.java:69)
	at org.openqa.selenium.support.pagefactory.internal.LocatingElementHandler.invoke(LocatingElementHandler.java:38)
	at com.sun.proxy.$Proxy9.click(Unknown Source)
	at seleniumeasy.qa.Page.tblDataSearchPage.searchElement(tblDataSearchPage.java:37)
	at seleniumeasy.test.Tests.tblDataSearchTest.verifySearchElementBasedOnAssignee(tblDataSearchTest.java:32)
... Removed 25 stack frames]]>
    </failure>
  </testcase> <!-- verifySearchElementBasedOnAssignee -->
</testsuite> <!-- Regression -->
