<?xml version="1.0" encoding="UTF-8"?>
<!-- Generated by org.testng.reporters.JUnitXMLReporter -->
<testsuite hostname="Godfather" name="smoke" tests="3" failures="0" timestamp="28 Feb 2021 16:41:08 GMT" time="91.012" errors="0">
  <testcase name="testBrokenLinks" time="44.659" classname="seleniumeasy.test.Tests.BrokenLinkTest"/>
  <testcase name="testBtnFollowOnTwitter" time="4.445" classname="seleniumeasy.test.Tests.ManagePopupWindowTest"/>
  <testcase name="verifyFollowAll" time="9.367" classname="seleniumeasy.test.Tests.ManagePopupWindowTest"/>
</testsuite> <!-- smoke -->
