<?xml version="1.0" encoding="UTF-8"?>
<!-- Generated by org.testng.reporters.JUnitXMLReporter -->
<testsuite hostname="Godfather" name="smoke" tests="3" failures="0" timestamp="27 Feb 2021 11:12:56 GMT" time="88.289" errors="0">
  <testcase name="testBrokenLinks" time="41.277" classname="seleniumeasy.test.Tests.BrokenLinkTest"/>
  <testcase name="testBtnFollowOnTwitter" time="4.446" classname="seleniumeasy.test.Tests.ManagePopupWindowTest"/>
  <testcase name="verifyFollowAll" time="9.374" classname="seleniumeasy.test.Tests.ManagePopupWindowTest"/>
</testsuite> <!-- smoke -->
