<?xml version="1.0" encoding="UTF-8"?>
<testng-results skipped="0" failed="1" total="1" passed="0">
  <reporter-output>
    <line>
      <![CDATA[Test Name is: verifyTablePaginationMenu]]>
    </line>
  </reporter-output>
  <suite name="Default suite" duration-ms="2387" started-at="2021-02-11T15:19:40Z" finished-at="2021-02-11T15:19:42Z">
    <groups>
    </groups>
    <test name="Default test" duration-ms="2387" started-at="2021-02-11T15:19:40Z" finished-at="2021-02-11T15:19:42Z">
      <class name="seleniumeasy.test.Tests.HomePageTest">
        <test-method status="FAIL" signature="verifyTablePaginationMenu()[pri:0, instance:seleniumeasy.test.Tests.HomePageTest@5b799640]" name="verifyTablePaginationMenu" duration-ms="494" started-at="2021-02-11T20:49:40Z" finished-at="2021-02-11T20:49:41Z">
          <exception class="java.lang.AssertionError">
            <message>
              <![CDATA[The following asserts failed:
	expected [Table with Pagination Example] but found [Table with Pagination Examples]]]>
            </message>
            <full-stacktrace>
              <![CDATA[java.lang.AssertionError: The following asserts failed:
	expected [Table with Pagination Example] but found [Table with Pagination Examples]
	at org.testng.asserts.SoftAssert.assertAll(SoftAssert.java:43)
	at seleniumeasy.test.Tests.HomePageTest.verifyTablePaginationMenu(HomePageTest.java:43)
	at sun.reflect.NativeMethodAccessorImpl.invoke0(Native Method)
	at sun.reflect.NativeMethodAccessorImpl.invoke(Unknown Source)
	at sun.reflect.DelegatingMethodAccessorImpl.invoke(Unknown Source)
	at java.lang.reflect.Method.invoke(Unknown Source)
	at org.testng.internal.MethodInvocationHelper.invokeMethod(MethodInvocationHelper.java:100)
	at org.testng.internal.Invoker.invokeMethod(Invoker.java:646)
	at org.testng.internal.Invoker.invokeTestMethod(Invoker.java:811)
	at org.testng.internal.Invoker.invokeTestMethods(Invoker.java:1129)
	at org.testng.internal.TestMethodWorker.invokeTestMethods(TestMethodWorker.java:129)
	at org.testng.internal.TestMethodWorker.run(TestMethodWorker.java:112)
	at org.testng.TestRunner.privateRun(TestRunner.java:746)
	at org.testng.TestRunner.run(TestRunner.java:600)
	at org.testng.SuiteRunner.runTest(SuiteRunner.java:366)
	at org.testng.SuiteRunner.runSequentially(SuiteRunner.java:361)
	at org.testng.SuiteRunner.privateRun(SuiteRunner.java:319)
	at org.testng.SuiteRunner.run(SuiteRunner.java:268)
	at org.testng.SuiteRunnerWorker.runSuite(SuiteRunnerWorker.java:52)
	at org.testng.SuiteRunnerWorker.run(SuiteRunnerWorker.java:86)
	at org.testng.TestNG.runSuitesSequentially(TestNG.java:1264)
	at org.testng.TestNG.runSuitesLocally(TestNG.java:1189)
	at org.testng.TestNG.runSuites(TestNG.java:1104)
	at org.testng.TestNG.run(TestNG.java:1076)
	at org.testng.remote.AbstractRemoteTestNG.run(AbstractRemoteTestNG.java:126)
	at org.testng.remote.RemoteTestNG.initAndRun(RemoteTestNG.java:152)
	at org.testng.remote.RemoteTestNG.main(RemoteTestNG.java:57)
]]>
            </full-stacktrace>
          </exception> <!-- java.lang.AssertionError -->
          <reporter-output>
            <line>
              <![CDATA[Test Name is: verifyTablePaginationMenu]]>
            </line>
          </reporter-output>
        </test-method> <!-- verifyTablePaginationMenu -->
        <test-method status="PASS" signature="sAssertAll()[pri:0, instance:seleniumeasy.test.Tests.HomePageTest@5b799640]" name="sAssertAll" is-config="true" duration-ms="1479" started-at="2021-02-11T20:49:41Z" finished-at="2021-02-11T20:49:42Z">
          <reporter-output>
          </reporter-output>
        </test-method> <!-- sAssertAll -->
      </class> <!-- seleniumeasy.test.Tests.HomePageTest -->
    </test> <!-- Default test -->
  </suite> <!-- Default suite -->
</testng-results>
