<?xml version="1.0" encoding="UTF-8"?>
<testng-results skipped="0" failed="0" total="6" passed="6">
  <reporter-output>
    <line>
      <![CDATA[Test Name is: verifyTablePaginationMenu]]>
    </line>
    <line>
      <![CDATA[TestData is:markino]]>
    </line>
    <line>
      <![CDATA[Test Data is : Smith]]>
    </line>
    <line>
      <![CDATA[https://www.seleniumeasy.com/  is valid link]]>
    </line>
    <line>
      <![CDATA[https://www.seleniumeasy.com/  is valid link]]>
    </line>
    <line>
      <![CDATA[https://crossbrowsertesting.com/?utm_source=seleniumeasy&utm_medium=da&utm_campaign=sedemo  is valid link]]>
    </line>
    <line>
      <![CDATA[https://www.seleniumeasy.com/test  is valid link]]>
    </line>
    <line>
      <![CDATA[https://www.seleniumeasy.com/test/#  is valid link]]>
    </line>
    <line>
      <![CDATA[https://www.seleniumeasy.com/test/basic-first-form-demo.html  is valid link]]>
    </line>
    <line>
      <![CDATA[https://www.seleniumeasy.com/test/basic-checkbox-demo.html  is valid link]]>
    </line>
    <line>
      <![CDATA[https://www.seleniumeasy.com/test/basic-radiobutton-demo.html  is valid link]]>
    </line>
    <line>
      <![CDATA[https://www.seleniumeasy.com/test/basic-select-dropdown-demo.html  is valid link]]>
    </line>
    <line>
      <![CDATA[https://www.seleniumeasy.com/test/input-form-demo.html  is valid link]]>
    </line>
    <line>
      <![CDATA[https://www.seleniumeasy.com/test/ajax-form-submit-demo.html  is valid link]]>
    </line>
    <line>
      <![CDATA[https://www.seleniumeasy.com/test/jquery-dropdown-search-demo.html  is valid link]]>
    </line>
    <line>
      <![CDATA[https://www.seleniumeasy.com/test/#  is valid link]]>
    </line>
    <line>
      <![CDATA[https://www.seleniumeasy.com/test/bootstrap-date-picker-demo.html  is valid link]]>
    </line>
    <line>
      <![CDATA[https://www.seleniumeasy.com/test/jquery-date-picker-demo.html  is valid link]]>
    </line>
    <line>
      <![CDATA[https://www.seleniumeasy.com/test/#  is valid link]]>
    </line>
    <line>
      <![CDATA[https://www.seleniumeasy.com/test/table-pagination-demo.html  is valid link]]>
    </line>
    <line>
      <![CDATA[https://www.seleniumeasy.com/test/table-search-filter-demo.html  is valid link]]>
    </line>
    <line>
      <![CDATA[https://www.seleniumeasy.com/test/table-records-filter-demo.html  is valid link]]>
    </line>
    <line>
      <![CDATA[https://www.seleniumeasy.com/test/table-sort-search-demo.html  is valid link]]>
    </line>
    <line>
      <![CDATA[https://www.seleniumeasy.com/test/table-data-download-demo.html  is valid link]]>
    </line>
    <line>
      <![CDATA[https://www.seleniumeasy.com/test/#  is valid link]]>
    </line>
    <line>
      <![CDATA[https://www.seleniumeasy.com/test/jquery-download-progress-bar-demo.html  is valid link]]>
    </line>
    <line>
      <![CDATA[https://www.seleniumeasy.com/test/bootstrap-download-progress-demo.html  is valid link]]>
    </line>
    <line>
      <![CDATA[https://www.seleniumeasy.com/test/drag-drop-range-sliders-demo.html  is valid link]]>
    </line>
    <line>
      <![CDATA[https://www.seleniumeasy.com/test/#  is valid link]]>
    </line>
    <line>
      <![CDATA[https://www.seleniumeasy.com/test/bootstrap-alert-messages-demo.html  is valid link]]>
    </line>
    <line>
      <![CDATA[https://www.seleniumeasy.com/test/bootstrap-modal-demo.html  is valid link]]>
    </line>
    <line>
      <![CDATA[https://www.seleniumeasy.com/test/window-popup-modal-demo.html  is valid link]]>
    </line>
    <line>
      <![CDATA[https://www.seleniumeasy.com/test/bootstrap-progress-bar-dialog-demo.html  is valid link]]>
    </line>
    <line>
      <![CDATA[https://www.seleniumeasy.com/test/javascript-alert-box-demo.html  is valid link]]>
    </line>
    <line>
      <![CDATA[https://www.seleniumeasy.com/test/generate-file-to-download-demo.html  is valid link]]>
    </line>
    <line>
      <![CDATA[https://www.seleniumeasy.com/test/#  is valid link]]>
    </line>
    <line>
      <![CDATA[https://www.seleniumeasy.com/test/bootstrap-dual-list-box-demo.html  is valid link]]>
    </line>
    <line>
      <![CDATA[https://www.seleniumeasy.com/test/jquery-dual-list-box-demo.html  is valid link]]>
    </line>
    <line>
      <![CDATA[https://www.seleniumeasy.com/test/data-list-filter-demo.html  is valid link]]>
    </line>
    <line>
      <![CDATA[https://www.seleniumeasy.com/test/#  is valid link]]>
    </line>
    <line>
      <![CDATA[https://www.seleniumeasy.com/test/drag-and-drop-demo.html  is valid link]]>
    </line>
    <line>
      <![CDATA[https://www.seleniumeasy.com/test/dynamic-data-loading-demo.html  is valid link]]>
    </line>
    <line>
      <![CDATA[https://www.seleniumeasy.com/test/charts-mouse-hover-demo.html  is valid link]]>
    </line>
    <line>
      <![CDATA[https://www.seleniumeasy.com/test/#carousel-example-generic  is valid link]]>
    </line>
    <line>
      <![CDATA[https://www.seleniumeasy.com/test/#carousel-example-generic  is valid link]]>
    </line>
    <line>
      <![CDATA[https://www.seleniumeasy.com/test/#  is valid link]]>
    </line>
    <line>
      <![CDATA[https://www.seleniumeasy.com/test/#  is valid link]]>
    </line>
    <line>
      <![CDATA[https://www.seleniumeasy.com/test/basic-first-form-demo.html  is valid link]]>
    </line>
    <line>
      <![CDATA[https://www.seleniumeasy.com/test/basic-checkbox-demo.html  is valid link]]>
    </line>
    <line>
      <![CDATA[https://www.seleniumeasy.com/test/basic-radiobutton-demo.html  is valid link]]>
    </line>
    <line>
      <![CDATA[https://www.seleniumeasy.com/test/basic-select-dropdown-demo.html  is valid link]]>
    </line>
    <line>
      <![CDATA[https://www.seleniumeasy.com/test/input-form-demo.html  is valid link]]>
    </line>
    <line>
      <![CDATA[https://www.seleniumeasy.com/test/ajax-form-submit-demo.html  is valid link]]>
    </line>
    <line>
      <![CDATA[https://www.seleniumeasy.com/test/jquery-dropdown-search-demo.html  is valid link]]>
    </line>
    <line>
      <![CDATA[https://www.seleniumeasy.com/test/#  is valid link]]>
    </line>
    <line>
      <![CDATA[https://www.seleniumeasy.com/test/bootstrap-date-picker-demo.html  is valid link]]>
    </line>
    <line>
      <![CDATA[https://www.seleniumeasy.com/test/jquery-date-picker-demo.html  is valid link]]>
    </line>
    <line>
      <![CDATA[https://www.seleniumeasy.com/test/#  is valid link]]>
    </line>
    <line>
      <![CDATA[https://www.seleniumeasy.com/test/table-pagination-demo.html  is valid link]]>
    </line>
    <line>
      <![CDATA[https://www.seleniumeasy.com/test/table-search-filter-demo.html  is valid link]]>
    </line>
    <line>
      <![CDATA[https://www.seleniumeasy.com/test/table-records-filter-demo.html  is valid link]]>
    </line>
    <line>
      <![CDATA[https://www.seleniumeasy.com/test/table-sort-search-demo.html  is valid link]]>
    </line>
    <line>
      <![CDATA[https://www.seleniumeasy.com/test/table-data-download-demo.html  is valid link]]>
    </line>
    <line>
      <![CDATA[https://www.seleniumeasy.com/test/#  is valid link]]>
    </line>
    <line>
      <![CDATA[https://www.seleniumeasy.com/test/jquery-download-progress-bar-demo.html  is valid link]]>
    </line>
    <line>
      <![CDATA[https://www.seleniumeasy.com/test/bootstrap-download-progress-demo.html  is valid link]]>
    </line>
    <line>
      <![CDATA[https://www.seleniumeasy.com/test/drag-drop-range-sliders-demo.html  is valid link]]>
    </line>
    <line>
      <![CDATA[https://www.seleniumeasy.com/test/#  is valid link]]>
    </line>
    <line>
      <![CDATA[https://www.seleniumeasy.com/test/bootstrap-alert-messages-demo.html  is valid link]]>
    </line>
    <line>
      <![CDATA[https://www.seleniumeasy.com/test/bootstrap-modal-demo.html  is valid link]]>
    </line>
    <line>
      <![CDATA[https://www.seleniumeasy.com/test/window-popup-modal-demo.html  is valid link]]>
    </line>
    <line>
      <![CDATA[https://www.seleniumeasy.com/test/bootstrap-progress-bar-dialog-demo.html  is valid link]]>
    </line>
    <line>
      <![CDATA[https://www.seleniumeasy.com/test/javascript-alert-box-demo.html  is valid link]]>
    </line>
    <line>
      <![CDATA[https://www.seleniumeasy.com/test/generate-file-to-download-demo.html  is valid link]]>
    </line>
    <line>
      <![CDATA[https://www.seleniumeasy.com/test/#  is valid link]]>
    </line>
    <line>
      <![CDATA[https://www.seleniumeasy.com/test/bootstrap-dual-list-box-demo.html  is valid link]]>
    </line>
    <line>
      <![CDATA[https://www.seleniumeasy.com/test/jquery-dual-list-box-demo.html  is valid link]]>
    </line>
    <line>
      <![CDATA[https://www.seleniumeasy.com/test/data-list-filter-demo.html  is valid link]]>
    </line>
    <line>
      <![CDATA[https://www.seleniumeasy.com/test/#  is valid link]]>
    </line>
    <line>
      <![CDATA[https://www.seleniumeasy.com/test/drag-and-drop-demo.html  is valid link]]>
    </line>
    <line>
      <![CDATA[https://www.seleniumeasy.com/test/dynamic-data-loading-demo.html  is valid link]]>
    </line>
    <line>
      <![CDATA[https://www.seleniumeasy.com/test/charts-mouse-hover-demo.html  is valid link]]>
    </line>
    <line>
      <![CDATA[https://www.seleniumeasy.com/test/#home  is valid link]]>
    </line>
    <line>
      <![CDATA[https://www.seleniumeasy.com/test/#basic  is valid link]]>
    </line>
    <line>
      <![CDATA[https://www.seleniumeasy.com/test/#intermediate  is valid link]]>
    </line>
    <line>
      <![CDATA[https://www.seleniumeasy.com/test/#advanced  is valid link]]>
    </line>
    <line>
      <![CDATA[https://www.seleniumeasy.com/test/#completed  is valid link]]>
    </line>
    <line>
      <![CDATA[https://www.seleniumeasy.com/test/basic-first-form-demo.html  is valid link]]>
    </line>
    <line>
      <![CDATA[https://www.seleniumeasy.com/test/basic-checkbox-demo.html  is valid link]]>
    </line>
    <line>
      <![CDATA[https://www.seleniumeasy.com/test/basic-radiobutton-demo.html  is valid link]]>
    </line>
    <line>
      <![CDATA[https://www.seleniumeasy.com/test/basic-select-dropdown-demo.html  is valid link]]>
    </line>
    <line>
      <![CDATA[https://www.seleniumeasy.com/test/javascript-alert-box-demo.html  is valid link]]>
    </line>
    <line>
      <![CDATA[https://www.seleniumeasy.com/test/window-popup-modal-demo.html  is valid link]]>
    </line>
    <line>
      <![CDATA[https://www.seleniumeasy.com/test/bootstrap-alert-messages-demo.html  is valid link]]>
    </line>
    <line>
      <![CDATA[https://www.seleniumeasy.com/test/bootstrap-modal-demo.html  is valid link]]>
    </line>
    <line>
      <![CDATA[https://www.seleniumeasy.com/test/input-form-demo.html  is valid link]]>
    </line>
    <line>
      <![CDATA[https://www.seleniumeasy.com/test/ajax-form-submit-demo.html  is valid link]]>
    </line>
    <line>
      <![CDATA[https://www.seleniumeasy.com/test/jquery-dropdown-search-demo.html  is valid link]]>
    </line>
    <line>
      <![CDATA[https://www.seleniumeasy.com/test/bootstrap-dual-list-box-demo.html  is valid link]]>
    </line>
    <line>
      <![CDATA[https://www.seleniumeasy.com/test/jquery-dual-list-box-demo.html  is valid link]]>
    </line>
    <line>
      <![CDATA[https://www.seleniumeasy.com/test/data-list-filter-demo.html  is valid link]]>
    </line>
    <line>
      <![CDATA[https://www.seleniumeasy.com/test/bootstrap-progress-bar-dialog-demo.html  is valid link]]>
    </line>
    <line>
      <![CDATA[https://www.seleniumeasy.com/test/generate-file-to-download-demo.html  is valid link]]>
    </line>
    <line>
      <![CDATA[https://www.seleniumeasy.com/test/table-pagination-demo.html  is valid link]]>
    </line>
    <line>
      <![CDATA[https://www.seleniumeasy.com/test/table-search-filter-demo.html  is valid link]]>
    </line>
    <line>
      <![CDATA[https://www.seleniumeasy.com/test/table-records-filter-demo.html  is valid link]]>
    </line>
    <line>
      <![CDATA[https://www.seleniumeasy.com/test/table-sort-search-demo.html  is valid link]]>
    </line>
    <line>
      <![CDATA[https://www.seleniumeasy.com/test/table-data-download-demo.html  is valid link]]>
    </line>
    <line>
      <![CDATA[https://www.seleniumeasy.com/test/jquery-download-progress-bar-demo.html  is valid link]]>
    </line>
    <line>
      <![CDATA[https://www.seleniumeasy.com/test/bootstrap-download-progress-demo.html  is valid link]]>
    </line>
    <line>
      <![CDATA[https://www.seleniumeasy.com/test/drag-drop-range-sliders-demo.html  is valid link]]>
    </line>
    <line>
      <![CDATA[https://www.seleniumeasy.com/test/drag-and-drop-demo.html  is valid link]]>
    </line>
    <line>
      <![CDATA[https://www.seleniumeasy.com/test/dynamic-data-loading-demo.html  is valid link]]>
    </line>
    <line>
      <![CDATA[https://www.seleniumeasy.com/test/charts-mouse-hover-demo.html  is valid link]]>
    </line>
    <line>
      <![CDATA[https://www.seleniumeasy.com/selenium-tutorials  is valid link]]>
    </line>
    <line>
      <![CDATA[https://www.seleniumeasy.com/testng-tutorials  is valid link]]>
    </line>
    <line>
      <![CDATA[https://www.seleniumeasy.com/junit-tutorials  is valid link]]>
    </line>
    <line>
      <![CDATA[https://www.seleniumeasy.com/jxl-tutorials  is valid link]]>
    </line>
    <line>
      <![CDATA[https://www.seleniumeasy.com/apachepoi-tutorials  is valid link]]>
    </line>
    <line>
      <![CDATA[https://www.seleniumeasy.com/ant-tutorials  is valid link]]>
    </line>
    <line>
      <![CDATA[https://www.seleniumeasy.com/maven-tutorials  is valid link]]>
    </line>
    <line>
      <![CDATA[https://www.seleniumeasy.com/selenium-tutorials/launching-firefox-browser-with-geckodriver-selenium-3  is valid link]]>
    </line>
    <line>
      <![CDATA[https://www.seleniumeasy.com/selenium-tutorials/page-factory-pattern-in-selenium-webdriver  is valid link]]>
    </line>
    <line>
      <![CDATA[https://www.seleniumeasy.com/jenkins-tutorials/invoke-testng-xml-tests-from-jenkins  is valid link]]>
    </line>
    <line>
      <![CDATA[https://www.seleniumeasy.com/testng-tutorials/testng-customize-emailable-html-report-example  is valid link]]>
    </line>
    <line>
      <![CDATA[https://www.seleniumeasy.com/maven-tutorials/how-to-execute-selenium-webdriver-testng-xml-using-maven  is valid link]]>
    </line>
    <line>
      <![CDATA[https://www.seleniumeasy.com/selenium-webdriver-tutorials  is valid link]]>
    </line>
  </reporter-output>
  <suite name="AutomationSuit" duration-ms="107424" started-at="2021-02-21T16:42:24Z" finished-at="2021-02-21T16:44:11Z">
    <groups>
    </groups>
    <test name="Regression" duration-ms="107424" started-at="2021-02-21T16:42:24Z" finished-at="2021-02-21T16:44:11Z">
      <class name="seleniumeasy.test.Tests.tblDataSearchTest">
        <test-method status="PASS" signature="setUp()[pri:0, instance:seleniumeasy.test.Tests.tblDataSearchTest@303e3593]" name="setUp" is-config="true" duration-ms="11359" started-at="2021-02-21T22:13:03Z" finished-at="2021-02-21T22:13:14Z">
          <reporter-output>
          </reporter-output>
        </test-method> <!-- setUp -->
        <test-method status="PASS" signature="verifySearchElementBasedOnUsername()[pri:97, instance:seleniumeasy.test.Tests.tblDataSearchTest@303e3593]" name="verifySearchElementBasedOnUsername" duration-ms="956" started-at="2021-02-21T22:13:14Z" description="Verify Search Based on Username Criteria" finished-at="2021-02-21T22:13:15Z">
          <reporter-output>
            <line>
              <![CDATA[TestData is:markino]]>
            </line>
          </reporter-output>
        </test-method> <!-- verifySearchElementBasedOnUsername -->
        <test-method status="PASS" signature="assertAllTests()[pri:0, instance:seleniumeasy.test.Tests.tblDataSearchTest@303e3593]" name="assertAllTests" is-config="true" duration-ms="790" started-at="2021-02-21T22:13:15Z" finished-at="2021-02-21T22:13:16Z">
          <reporter-output>
          </reporter-output>
        </test-method> <!-- assertAllTests -->
        <test-method status="PASS" signature="setUp()[pri:0, instance:seleniumeasy.test.Tests.tblDataSearchTest@303e3593]" name="setUp" is-config="true" duration-ms="9443" started-at="2021-02-21T22:13:16Z" finished-at="2021-02-21T22:13:25Z">
          <reporter-output>
          </reporter-output>
        </test-method> <!-- setUp -->
        <test-method status="PASS" signature="verifySearchElementBasedOnAssignee()[pri:98, instance:seleniumeasy.test.Tests.tblDataSearchTest@303e3593]" name="verifySearchElementBasedOnAssignee" duration-ms="195" started-at="2021-02-21T22:13:25Z" description="Verify Search Based on Asignee Criteria" finished-at="2021-02-21T22:13:26Z">
          <reporter-output>
            <line>
              <![CDATA[Test Data is : Smith]]>
            </line>
          </reporter-output>
        </test-method> <!-- verifySearchElementBasedOnAssignee -->
        <test-method status="PASS" signature="assertAllTests()[pri:0, instance:seleniumeasy.test.Tests.tblDataSearchTest@303e3593]" name="assertAllTests" is-config="true" duration-ms="768" started-at="2021-02-21T22:13:26Z" finished-at="2021-02-21T22:13:26Z">
          <reporter-output>
          </reporter-output>
        </test-method> <!-- assertAllTests -->
        <test-method status="FAIL" signature="assertAll()[pri:0, instance:seleniumeasy.test.Tests.tblDataSearchTest@303e3593]" name="assertAll" is-config="true" duration-ms="0" started-at="2021-02-21T22:14:11Z" finished-at="2021-02-21T22:14:11Z">
          <exception class="java.lang.AssertionError">
            <message>
              <![CDATA[The following asserts failed:
	expected [] but found [1]]]>
            </message>
            <full-stacktrace>
              <![CDATA[java.lang.AssertionError: The following asserts failed:
	expected [] but found [1]
	at org.testng.asserts.SoftAssert.assertAll(SoftAssert.java:43)
	at seleniumeasy.test.Tests.tblDataSearchTest.assertAll(tblDataSearchTest.java:135)
	at sun.reflect.NativeMethodAccessorImpl.invoke0(Native Method)
	at sun.reflect.NativeMethodAccessorImpl.invoke(NativeMethodAccessorImpl.java:62)
	at sun.reflect.DelegatingMethodAccessorImpl.invoke(DelegatingMethodAccessorImpl.java:43)
	at java.lang.reflect.Method.invoke(Method.java:498)
	at org.testng.internal.MethodInvocationHelper.invokeMethod(MethodInvocationHelper.java:100)
	at org.testng.internal.Invoker.invokeConfigurationMethod(Invoker.java:515)
	at org.testng.internal.Invoker.invokeConfigurations(Invoker.java:216)
	at org.testng.internal.Invoker.invokeConfigurations(Invoker.java:143)
	at org.testng.TestRunner.afterRun(TestRunner.java:973)
	at org.testng.TestRunner.run(TestRunner.java:604)
	at org.testng.SuiteRunner.runTest(SuiteRunner.java:366)
	at org.testng.SuiteRunner.runSequentially(SuiteRunner.java:361)
	at org.testng.SuiteRunner.privateRun(SuiteRunner.java:319)
	at org.testng.SuiteRunner.run(SuiteRunner.java:268)
	at org.testng.SuiteRunnerWorker.runSuite(SuiteRunnerWorker.java:52)
	at org.testng.SuiteRunnerWorker.run(SuiteRunnerWorker.java:86)
	at org.testng.TestNG.runSuitesSequentially(TestNG.java:1264)
	at org.testng.TestNG.runSuitesLocally(TestNG.java:1189)
	at org.testng.TestNG.runSuites(TestNG.java:1104)
	at org.testng.TestNG.run(TestNG.java:1076)
	at org.testng.remote.AbstractRemoteTestNG.run(AbstractRemoteTestNG.java:126)
	at org.testng.remote.RemoteTestNG.initAndRun(RemoteTestNG.java:152)
	at org.testng.remote.RemoteTestNG.main(RemoteTestNG.java:57)
]]>
            </full-stacktrace>
          </exception> <!-- java.lang.AssertionError -->
          <reporter-output>
          </reporter-output>
        </test-method> <!-- assertAll -->
      </class> <!-- seleniumeasy.test.Tests.tblDataSearchTest -->
      <class name="seleniumeasy.test.Tests.TablePaginationTest">
        <test-method status="PASS" signature="setUp()[pri:0, instance:seleniumeasy.test.Tests.TablePaginationTest@5d5d9e5]" name="setUp" is-config="true" duration-ms="9589" started-at="2021-02-21T22:12:37Z" finished-at="2021-02-21T22:12:46Z">
          <reporter-output>
          </reporter-output>
        </test-method> <!-- setUp -->
        <test-method status="PASS" signature="verifyTableHeader()[pri:1, instance:seleniumeasy.test.Tests.TablePaginationTest@5d5d9e5]" name="verifyTableHeader" duration-ms="184" started-at="2021-02-21T22:12:46Z" description="Verify Table Header" finished-at="2021-02-21T22:12:46Z">
          <reporter-output>
          </reporter-output>
        </test-method> <!-- verifyTableHeader -->
        <test-method status="PASS" signature="assertAllTests()[pri:0, instance:seleniumeasy.test.Tests.TablePaginationTest@5d5d9e5]" name="assertAllTests" is-config="true" duration-ms="795" started-at="2021-02-21T22:12:46Z" finished-at="2021-02-21T22:12:47Z">
          <reporter-output>
          </reporter-output>
        </test-method> <!-- assertAllTests -->
        <test-method status="PASS" signature="setUp()[pri:0, instance:seleniumeasy.test.Tests.TablePaginationTest@5d5d9e5]" name="setUp" is-config="true" duration-ms="12474" started-at="2021-02-21T22:12:47Z" finished-at="2021-02-21T22:13:00Z">
          <reporter-output>
          </reporter-output>
        </test-method> <!-- setUp -->
        <test-method status="PASS" signature="verifyTableContents()[pri:2, instance:seleniumeasy.test.Tests.TablePaginationTest@5d5d9e5]" name="verifyTableContents" duration-ms="2611" started-at="2021-02-21T22:13:00Z" description="Verify Table Contents" finished-at="2021-02-21T22:13:02Z">
          <reporter-output>
          </reporter-output>
        </test-method> <!-- verifyTableContents -->
        <test-method status="PASS" signature="assertAllTests()[pri:0, instance:seleniumeasy.test.Tests.TablePaginationTest@5d5d9e5]" name="assertAllTests" is-config="true" duration-ms="727" started-at="2021-02-21T22:13:02Z" finished-at="2021-02-21T22:13:03Z">
          <reporter-output>
          </reporter-output>
        </test-method> <!-- assertAllTests -->
      </class> <!-- seleniumeasy.test.Tests.TablePaginationTest -->
      <class name="seleniumeasy.test.Tests.HomePageTest">
        <test-method status="PASS" signature="setUp()[pri:0, instance:seleniumeasy.test.Tests.HomePageTest@224b4d61]" name="setUp" is-config="true" duration-ms="10769" started-at="2021-02-21T22:12:24Z" finished-at="2021-02-21T22:12:34Z">
          <reporter-output>
          </reporter-output>
        </test-method> <!-- setUp -->
        <test-method status="PASS" signature="verifyTablePaginationMenu()[pri:0, instance:seleniumeasy.test.Tests.HomePageTest@224b4d61]" name="verifyTablePaginationMenu" duration-ms="575" started-at="2021-02-21T22:12:34Z" description="Verify Table Pagination Menu Opens successfully" finished-at="2021-02-21T22:12:35Z">
          <reporter-output>
            <line>
              <![CDATA[Test Name is: verifyTablePaginationMenu]]>
            </line>
          </reporter-output>
        </test-method> <!-- verifyTablePaginationMenu -->
        <test-method status="PASS" signature="postCleanUp()[pri:0, instance:seleniumeasy.test.Tests.HomePageTest@224b4d61]" name="postCleanUp" is-config="true" duration-ms="1600" started-at="2021-02-21T22:12:35Z" finished-at="2021-02-21T22:12:37Z">
          <reporter-output>
          </reporter-output>
        </test-method> <!-- postCleanUp -->
      </class> <!-- seleniumeasy.test.Tests.HomePageTest -->
      <class name="seleniumeasy.test.Tests.BrokenLinkTest">
        <test-method status="PASS" signature="setUp()[pri:0, instance:seleniumeasy.test.Tests.BrokenLinkTest@4ef27d66]" name="setUp" is-config="true" duration-ms="9422" started-at="2021-02-21T22:13:26Z" finished-at="2021-02-21T22:13:36Z">
          <reporter-output>
          </reporter-output>
        </test-method> <!-- setUp -->
        <test-method status="PASS" signature="testBrokenLinks()[pri:1, instance:seleniumeasy.test.Tests.BrokenLinkTest@4ef27d66]" name="testBrokenLinks" duration-ms="34288" started-at="2021-02-21T22:13:36Z" description="Find the number of broken links in website" finished-at="2021-02-21T22:14:10Z">
          <reporter-output>
            <line>
              <![CDATA[https://www.seleniumeasy.com/  is valid link]]>
            </line>
            <line>
              <![CDATA[https://www.seleniumeasy.com/  is valid link]]>
            </line>
            <line>
              <![CDATA[https://crossbrowsertesting.com/?utm_source=seleniumeasy&utm_medium=da&utm_campaign=sedemo  is valid link]]>
            </line>
            <line>
              <![CDATA[https://www.seleniumeasy.com/test  is valid link]]>
            </line>
            <line>
              <![CDATA[https://www.seleniumeasy.com/test/#  is valid link]]>
            </line>
            <line>
              <![CDATA[https://www.seleniumeasy.com/test/basic-first-form-demo.html  is valid link]]>
            </line>
            <line>
              <![CDATA[https://www.seleniumeasy.com/test/basic-checkbox-demo.html  is valid link]]>
            </line>
            <line>
              <![CDATA[https://www.seleniumeasy.com/test/basic-radiobutton-demo.html  is valid link]]>
            </line>
            <line>
              <![CDATA[https://www.seleniumeasy.com/test/basic-select-dropdown-demo.html  is valid link]]>
            </line>
            <line>
              <![CDATA[https://www.seleniumeasy.com/test/input-form-demo.html  is valid link]]>
            </line>
            <line>
              <![CDATA[https://www.seleniumeasy.com/test/ajax-form-submit-demo.html  is valid link]]>
            </line>
            <line>
              <![CDATA[https://www.seleniumeasy.com/test/jquery-dropdown-search-demo.html  is valid link]]>
            </line>
            <line>
              <![CDATA[https://www.seleniumeasy.com/test/#  is valid link]]>
            </line>
            <line>
              <![CDATA[https://www.seleniumeasy.com/test/bootstrap-date-picker-demo.html  is valid link]]>
            </line>
            <line>
              <![CDATA[https://www.seleniumeasy.com/test/jquery-date-picker-demo.html  is valid link]]>
            </line>
            <line>
              <![CDATA[https://www.seleniumeasy.com/test/#  is valid link]]>
            </line>
            <line>
              <![CDATA[https://www.seleniumeasy.com/test/table-pagination-demo.html  is valid link]]>
            </line>
            <line>
              <![CDATA[https://www.seleniumeasy.com/test/table-search-filter-demo.html  is valid link]]>
            </line>
            <line>
              <![CDATA[https://www.seleniumeasy.com/test/table-records-filter-demo.html  is valid link]]>
            </line>
            <line>
              <![CDATA[https://www.seleniumeasy.com/test/table-sort-search-demo.html  is valid link]]>
            </line>
            <line>
              <![CDATA[https://www.seleniumeasy.com/test/table-data-download-demo.html  is valid link]]>
            </line>
            <line>
              <![CDATA[https://www.seleniumeasy.com/test/#  is valid link]]>
            </line>
            <line>
              <![CDATA[https://www.seleniumeasy.com/test/jquery-download-progress-bar-demo.html  is valid link]]>
            </line>
            <line>
              <![CDATA[https://www.seleniumeasy.com/test/bootstrap-download-progress-demo.html  is valid link]]>
            </line>
            <line>
              <![CDATA[https://www.seleniumeasy.com/test/drag-drop-range-sliders-demo.html  is valid link]]>
            </line>
            <line>
              <![CDATA[https://www.seleniumeasy.com/test/#  is valid link]]>
            </line>
            <line>
              <![CDATA[https://www.seleniumeasy.com/test/bootstrap-alert-messages-demo.html  is valid link]]>
            </line>
            <line>
              <![CDATA[https://www.seleniumeasy.com/test/bootstrap-modal-demo.html  is valid link]]>
            </line>
            <line>
              <![CDATA[https://www.seleniumeasy.com/test/window-popup-modal-demo.html  is valid link]]>
            </line>
            <line>
              <![CDATA[https://www.seleniumeasy.com/test/bootstrap-progress-bar-dialog-demo.html  is valid link]]>
            </line>
            <line>
              <![CDATA[https://www.seleniumeasy.com/test/javascript-alert-box-demo.html  is valid link]]>
            </line>
            <line>
              <![CDATA[https://www.seleniumeasy.com/test/generate-file-to-download-demo.html  is valid link]]>
            </line>
            <line>
              <![CDATA[https://www.seleniumeasy.com/test/#  is valid link]]>
            </line>
            <line>
              <![CDATA[https://www.seleniumeasy.com/test/bootstrap-dual-list-box-demo.html  is valid link]]>
            </line>
            <line>
              <![CDATA[https://www.seleniumeasy.com/test/jquery-dual-list-box-demo.html  is valid link]]>
            </line>
            <line>
              <![CDATA[https://www.seleniumeasy.com/test/data-list-filter-demo.html  is valid link]]>
            </line>
            <line>
              <![CDATA[https://www.seleniumeasy.com/test/#  is valid link]]>
            </line>
            <line>
              <![CDATA[https://www.seleniumeasy.com/test/drag-and-drop-demo.html  is valid link]]>
            </line>
            <line>
              <![CDATA[https://www.seleniumeasy.com/test/dynamic-data-loading-demo.html  is valid link]]>
            </line>
            <line>
              <![CDATA[https://www.seleniumeasy.com/test/charts-mouse-hover-demo.html  is valid link]]>
            </line>
            <line>
              <![CDATA[https://www.seleniumeasy.com/test/#carousel-example-generic  is valid link]]>
            </line>
            <line>
              <![CDATA[https://www.seleniumeasy.com/test/#carousel-example-generic  is valid link]]>
            </line>
            <line>
              <![CDATA[https://www.seleniumeasy.com/test/#  is valid link]]>
            </line>
            <line>
              <![CDATA[https://www.seleniumeasy.com/test/#  is valid link]]>
            </line>
            <line>
              <![CDATA[https://www.seleniumeasy.com/test/basic-first-form-demo.html  is valid link]]>
            </line>
            <line>
              <![CDATA[https://www.seleniumeasy.com/test/basic-checkbox-demo.html  is valid link]]>
            </line>
            <line>
              <![CDATA[https://www.seleniumeasy.com/test/basic-radiobutton-demo.html  is valid link]]>
            </line>
            <line>
              <![CDATA[https://www.seleniumeasy.com/test/basic-select-dropdown-demo.html  is valid link]]>
            </line>
            <line>
              <![CDATA[https://www.seleniumeasy.com/test/input-form-demo.html  is valid link]]>
            </line>
            <line>
              <![CDATA[https://www.seleniumeasy.com/test/ajax-form-submit-demo.html  is valid link]]>
            </line>
            <line>
              <![CDATA[https://www.seleniumeasy.com/test/jquery-dropdown-search-demo.html  is valid link]]>
            </line>
            <line>
              <![CDATA[https://www.seleniumeasy.com/test/#  is valid link]]>
            </line>
            <line>
              <![CDATA[https://www.seleniumeasy.com/test/bootstrap-date-picker-demo.html  is valid link]]>
            </line>
            <line>
              <![CDATA[https://www.seleniumeasy.com/test/jquery-date-picker-demo.html  is valid link]]>
            </line>
            <line>
              <![CDATA[https://www.seleniumeasy.com/test/#  is valid link]]>
            </line>
            <line>
              <![CDATA[https://www.seleniumeasy.com/test/table-pagination-demo.html  is valid link]]>
            </line>
            <line>
              <![CDATA[https://www.seleniumeasy.com/test/table-search-filter-demo.html  is valid link]]>
            </line>
            <line>
              <![CDATA[https://www.seleniumeasy.com/test/table-records-filter-demo.html  is valid link]]>
            </line>
            <line>
              <![CDATA[https://www.seleniumeasy.com/test/table-sort-search-demo.html  is valid link]]>
            </line>
            <line>
              <![CDATA[https://www.seleniumeasy.com/test/table-data-download-demo.html  is valid link]]>
            </line>
            <line>
              <![CDATA[https://www.seleniumeasy.com/test/#  is valid link]]>
            </line>
            <line>
              <![CDATA[https://www.seleniumeasy.com/test/jquery-download-progress-bar-demo.html  is valid link]]>
            </line>
            <line>
              <![CDATA[https://www.seleniumeasy.com/test/bootstrap-download-progress-demo.html  is valid link]]>
            </line>
            <line>
              <![CDATA[https://www.seleniumeasy.com/test/drag-drop-range-sliders-demo.html  is valid link]]>
            </line>
            <line>
              <![CDATA[https://www.seleniumeasy.com/test/#  is valid link]]>
            </line>
            <line>
              <![CDATA[https://www.seleniumeasy.com/test/bootstrap-alert-messages-demo.html  is valid link]]>
            </line>
            <line>
              <![CDATA[https://www.seleniumeasy.com/test/bootstrap-modal-demo.html  is valid link]]>
            </line>
            <line>
              <![CDATA[https://www.seleniumeasy.com/test/window-popup-modal-demo.html  is valid link]]>
            </line>
            <line>
              <![CDATA[https://www.seleniumeasy.com/test/bootstrap-progress-bar-dialog-demo.html  is valid link]]>
            </line>
            <line>
              <![CDATA[https://www.seleniumeasy.com/test/javascript-alert-box-demo.html  is valid link]]>
            </line>
            <line>
              <![CDATA[https://www.seleniumeasy.com/test/generate-file-to-download-demo.html  is valid link]]>
            </line>
            <line>
              <![CDATA[https://www.seleniumeasy.com/test/#  is valid link]]>
            </line>
            <line>
              <![CDATA[https://www.seleniumeasy.com/test/bootstrap-dual-list-box-demo.html  is valid link]]>
            </line>
            <line>
              <![CDATA[https://www.seleniumeasy.com/test/jquery-dual-list-box-demo.html  is valid link]]>
            </line>
            <line>
              <![CDATA[https://www.seleniumeasy.com/test/data-list-filter-demo.html  is valid link]]>
            </line>
            <line>
              <![CDATA[https://www.seleniumeasy.com/test/#  is valid link]]>
            </line>
            <line>
              <![CDATA[https://www.seleniumeasy.com/test/drag-and-drop-demo.html  is valid link]]>
            </line>
            <line>
              <![CDATA[https://www.seleniumeasy.com/test/dynamic-data-loading-demo.html  is valid link]]>
            </line>
            <line>
              <![CDATA[https://www.seleniumeasy.com/test/charts-mouse-hover-demo.html  is valid link]]>
            </line>
            <line>
              <![CDATA[https://www.seleniumeasy.com/test/#home  is valid link]]>
            </line>
            <line>
              <![CDATA[https://www.seleniumeasy.com/test/#basic  is valid link]]>
            </line>
            <line>
              <![CDATA[https://www.seleniumeasy.com/test/#intermediate  is valid link]]>
            </line>
            <line>
              <![CDATA[https://www.seleniumeasy.com/test/#advanced  is valid link]]>
            </line>
            <line>
              <![CDATA[https://www.seleniumeasy.com/test/#completed  is valid link]]>
            </line>
            <line>
              <![CDATA[https://www.seleniumeasy.com/test/basic-first-form-demo.html  is valid link]]>
            </line>
            <line>
              <![CDATA[https://www.seleniumeasy.com/test/basic-checkbox-demo.html  is valid link]]>
            </line>
            <line>
              <![CDATA[https://www.seleniumeasy.com/test/basic-radiobutton-demo.html  is valid link]]>
            </line>
            <line>
              <![CDATA[https://www.seleniumeasy.com/test/basic-select-dropdown-demo.html  is valid link]]>
            </line>
            <line>
              <![CDATA[https://www.seleniumeasy.com/test/javascript-alert-box-demo.html  is valid link]]>
            </line>
            <line>
              <![CDATA[https://www.seleniumeasy.com/test/window-popup-modal-demo.html  is valid link]]>
            </line>
            <line>
              <![CDATA[https://www.seleniumeasy.com/test/bootstrap-alert-messages-demo.html  is valid link]]>
            </line>
            <line>
              <![CDATA[https://www.seleniumeasy.com/test/bootstrap-modal-demo.html  is valid link]]>
            </line>
            <line>
              <![CDATA[https://www.seleniumeasy.com/test/input-form-demo.html  is valid link]]>
            </line>
            <line>
              <![CDATA[https://www.seleniumeasy.com/test/ajax-form-submit-demo.html  is valid link]]>
            </line>
            <line>
              <![CDATA[https://www.seleniumeasy.com/test/jquery-dropdown-search-demo.html  is valid link]]>
            </line>
            <line>
              <![CDATA[https://www.seleniumeasy.com/test/bootstrap-dual-list-box-demo.html  is valid link]]>
            </line>
            <line>
              <![CDATA[https://www.seleniumeasy.com/test/jquery-dual-list-box-demo.html  is valid link]]>
            </line>
            <line>
              <![CDATA[https://www.seleniumeasy.com/test/data-list-filter-demo.html  is valid link]]>
            </line>
            <line>
              <![CDATA[https://www.seleniumeasy.com/test/bootstrap-progress-bar-dialog-demo.html  is valid link]]>
            </line>
            <line>
              <![CDATA[https://www.seleniumeasy.com/test/generate-file-to-download-demo.html  is valid link]]>
            </line>
            <line>
              <![CDATA[https://www.seleniumeasy.com/test/table-pagination-demo.html  is valid link]]>
            </line>
            <line>
              <![CDATA[https://www.seleniumeasy.com/test/table-search-filter-demo.html  is valid link]]>
            </line>
            <line>
              <![CDATA[https://www.seleniumeasy.com/test/table-records-filter-demo.html  is valid link]]>
            </line>
            <line>
              <![CDATA[https://www.seleniumeasy.com/test/table-sort-search-demo.html  is valid link]]>
            </line>
            <line>
              <![CDATA[https://www.seleniumeasy.com/test/table-data-download-demo.html  is valid link]]>
            </line>
            <line>
              <![CDATA[https://www.seleniumeasy.com/test/jquery-download-progress-bar-demo.html  is valid link]]>
            </line>
            <line>
              <![CDATA[https://www.seleniumeasy.com/test/bootstrap-download-progress-demo.html  is valid link]]>
            </line>
            <line>
              <![CDATA[https://www.seleniumeasy.com/test/drag-drop-range-sliders-demo.html  is valid link]]>
            </line>
            <line>
              <![CDATA[https://www.seleniumeasy.com/test/drag-and-drop-demo.html  is valid link]]>
            </line>
            <line>
              <![CDATA[https://www.seleniumeasy.com/test/dynamic-data-loading-demo.html  is valid link]]>
            </line>
            <line>
              <![CDATA[https://www.seleniumeasy.com/test/charts-mouse-hover-demo.html  is valid link]]>
            </line>
            <line>
              <![CDATA[https://www.seleniumeasy.com/selenium-tutorials  is valid link]]>
            </line>
            <line>
              <![CDATA[https://www.seleniumeasy.com/testng-tutorials  is valid link]]>
            </line>
            <line>
              <![CDATA[https://www.seleniumeasy.com/junit-tutorials  is valid link]]>
            </line>
            <line>
              <![CDATA[https://www.seleniumeasy.com/jxl-tutorials  is valid link]]>
            </line>
            <line>
              <![CDATA[https://www.seleniumeasy.com/apachepoi-tutorials  is valid link]]>
            </line>
            <line>
              <![CDATA[https://www.seleniumeasy.com/ant-tutorials  is valid link]]>
            </line>
            <line>
              <![CDATA[https://www.seleniumeasy.com/maven-tutorials  is valid link]]>
            </line>
            <line>
              <![CDATA[https://www.seleniumeasy.com/selenium-tutorials/launching-firefox-browser-with-geckodriver-selenium-3  is valid link]]>
            </line>
            <line>
              <![CDATA[https://www.seleniumeasy.com/selenium-tutorials/page-factory-pattern-in-selenium-webdriver  is valid link]]>
            </line>
            <line>
              <![CDATA[https://www.seleniumeasy.com/jenkins-tutorials/invoke-testng-xml-tests-from-jenkins  is valid link]]>
            </line>
            <line>
              <![CDATA[https://www.seleniumeasy.com/testng-tutorials/testng-customize-emailable-html-report-example  is valid link]]>
            </line>
            <line>
              <![CDATA[https://www.seleniumeasy.com/maven-tutorials/how-to-execute-selenium-webdriver-testng-xml-using-maven  is valid link]]>
            </line>
            <line>
              <![CDATA[https://www.seleniumeasy.com/selenium-webdriver-tutorials  is valid link]]>
            </line>
          </reporter-output>
        </test-method> <!-- testBrokenLinks -->
        <test-method status="PASS" signature="postCleanUp()[pri:0, instance:seleniumeasy.test.Tests.BrokenLinkTest@4ef27d66]" name="postCleanUp" is-config="true" duration-ms="783" started-at="2021-02-21T22:14:10Z" finished-at="2021-02-21T22:14:11Z">
          <reporter-output>
          </reporter-output>
        </test-method> <!-- postCleanUp -->
      </class> <!-- seleniumeasy.test.Tests.BrokenLinkTest -->
    </test> <!-- Regression -->
  </suite> <!-- AutomationSuit -->
</testng-results>
