<?xml version="1.0" encoding="UTF-8"?>
<!-- Generated by org.testng.reporters.JUnitXMLReporter -->
<testsuite hostname="Godfather" name="Default test" tests="2" failures="0" timestamp="11 Jan 2021 17:24:10 GMT" time="1.261" errors="0">
  <testcase name="verifySearchElementBasedOnUsername" time="1.005" classname="seleniumeasy.test.Tests.tblDataSearchTest"/>
  <testcase name="verifySearchElementBasedOnAssignee" time="0.237" classname="seleniumeasy.test.Tests.tblDataSearchTest"/>
</testsuite> <!-- Default test -->
