<?xml version="1.0" encoding="UTF-8"?>
<!-- Generated by org.testng.reporters.JUnitXMLReporter -->
<testsuite hostname="Godfather" name="Default test" tests="2" failures="0" timestamp="22 Feb 2021 12:46:28 GMT" time="35.656" errors="0">
  <testcase name="testBtnFollowOnTwitter" time="4.545" classname="seleniumeasy.test.Tests.ManagePopupWindowTest"/>
  <testcase name="verifyFollowAll" time="9.003" classname="seleniumeasy.test.Tests.ManagePopupWindowTest"/>
</testsuite> <!-- Default test -->
